-----> 2015-07-01 00:05:08.025  org.hibernate.tool.hbm2ddl.DatabaseExporter.export(DatabaseExporter.java:64)
3. alter table role_user drop constraint FK_1p4td69hdcg4iaau4pvj20m3h if exists 


-----> 2015-07-01 00:05:08.037  org.hibernate.tool.hbm2ddl.DatabaseExporter.export(DatabaseExporter.java:64)
3. alter table role_user drop constraint FK_1p4td69hdcg4iaau4pvj20m3h if exists 


org.h2.jdbc.JdbcSQLException: Table "ROLE_USER" not found; SQL statement:
alter table role_user drop constraint FK_1p4td69hdcg4iaau4pvj20m3h if exists [42102-184]
	at org.h2.message.DbException.getJdbcSQLException(DbException.java:345)
	at org.h2.message.DbException.get(DbException.java:179)
	at org.h2.message.DbException.get(DbException.java:155)
	at org.h2.command.Parser.readTableOrView(Parser.java:5239)
	at org.h2.command.Parser.readTableOrView(Parser.java:5216)
	at org.h2.command.Parser.parseAlterTable(Parser.java:5293)
	at org.h2.command.Parser.parseAlter(Parser.java:4708)
	at org.h2.command.Parser.parsePrepared(Parser.java:332)
	at org.h2.command.Parser.parse(Parser.java:305)
	at org.h2.command.Parser.parse(Parser.java:277)
	at org.h2.command.Parser.prepareCommand(Parser.java:242)
	at org.h2.engine.Session.prepareLocal(Session.java:446)
	at org.h2.engine.Session.prepareCommand(Session.java:388)
	at org.h2.jdbc.JdbcConnection.prepareCommand(JdbcConnection.java:1189)
	at org.h2.jdbc.JdbcStatement.executeUpdateInternal(JdbcStatement.java:126)
	at org.h2.jdbc.JdbcStatement.executeUpdate(JdbcStatement.java:115)
	at net.sf.log4jdbc.StatementSpy.executeUpdate(StatementSpy.java:697)
	at org.hibernate.tool.hbm2ddl.DatabaseExporter.export(DatabaseExporter.java:64)
	at org.hibernate.tool.hbm2ddl.SchemaExport.perform(SchemaExport.java:418)
	at org.hibernate.tool.hbm2ddl.SchemaExport.execute(SchemaExport.java:372)
	at org.hibernate.tool.hbm2ddl.SchemaExport.create(SchemaExport.java:304)
	at org.hibernate.tool.hbm2ddl.SchemaExport.create(SchemaExport.java:293)
	at org.hibernate.internal.SessionFactoryImpl.<init>(SessionFactoryImpl.java:517)
	at org.hibernate.cfg.Configuration.buildSessionFactory(Configuration.java:1859)
	at org.hibernate.jpa.boot.internal.EntityManagerFactoryBuilderImpl$4.perform(EntityManagerFactoryBuilderImpl.java:852)
	at org.hibernate.jpa.boot.internal.EntityManagerFactoryBuilderImpl$4.perform(EntityManagerFactoryBuilderImpl.java:845)
	at org.hibernate.boot.registry.classloading.internal.ClassLoaderServiceImpl.withTccl(ClassLoaderServiceImpl.java:398)
	at org.hibernate.jpa.boot.internal.EntityManagerFactoryBuilderImpl.build(EntityManagerFactoryBuilderImpl.java:844)
	at org.springframework.orm.jpa.vendor.SpringHibernateJpaPersistenceProvider.createContainerEntityManagerFactory(SpringHibernateJpaPersistenceProvider.java:60)
	at org.springframework.orm.jpa.LocalContainerEntityManagerFactoryBean.createNativeEntityManagerFactory(LocalContainerEntityManagerFactoryBean.java:343)
	at org.springframework.orm.jpa.AbstractEntityManagerFactoryBean.afterPropertiesSet(AbstractEntityManagerFactoryBean.java:318)
	at org.springframework.beans.factory.support.AbstractAutowireCapableBeanFactory.invokeInitMethods(AbstractAutowireCapableBeanFactory.java:1633)
	at org.springframework.beans.factory.support.AbstractAutowireCapableBeanFactory.initializeBean(AbstractAutowireCapableBeanFactory.java:1570)
	at org.springframework.beans.factory.support.AbstractAutowireCapableBeanFactory.doCreateBean(AbstractAutowireCapableBeanFactory.java:539)
	at org.springframework.beans.factory.support.AbstractAutowireCapableBeanFactory.createBean(AbstractAutowireCapableBeanFactory.java:476)
	at org.springframework.beans.factory.support.AbstractBeanFactory$1.getObject(AbstractBeanFactory.java:303)
	at org.springframework.beans.factory.support.DefaultSingletonBeanRegistry.getSingleton(DefaultSingletonBeanRegistry.java:230)
	at org.springframework.beans.factory.support.AbstractBeanFactory.doGetBean(AbstractBeanFactory.java:299)
	at org.springframework.beans.factory.support.AbstractBeanFactory.getBean(AbstractBeanFactory.java:194)
	at org.springframework.context.support.AbstractApplicationContext.getBean(AbstractApplicationContext.java:956)
	at org.springframework.context.support.AbstractApplicationContext.finishBeanFactoryInitialization(AbstractApplicationContext.java:747)
	at org.springframework.context.support.AbstractApplicationContext.refresh(AbstractApplicationContext.java:480)
	at org.springframework.test.context.support.AbstractGenericContextLoader.loadContext(AbstractGenericContextLoader.java:125)
	at org.springframework.test.context.support.AbstractGenericContextLoader.loadContext(AbstractGenericContextLoader.java:60)
	at org.springframework.test.context.support.AbstractDelegatingSmartContextLoader.delegateLoading(AbstractDelegatingSmartContextLoader.java:109)
	at org.springframework.test.context.support.AbstractDelegatingSmartContextLoader.loadContext(AbstractDelegatingSmartContextLoader.java:261)
	at org.springframework.test.context.DefaultCacheAwareContextLoaderDelegate.loadContextInternal(DefaultCacheAwareContextLoaderDelegate.java:68)
	at org.springframework.test.context.DefaultCacheAwareContextLoaderDelegate.loadContext(DefaultCacheAwareContextLoaderDelegate.java:86)
	at org.springframework.test.context.DefaultTestContext.getApplicationContext(DefaultTestContext.java:72)
	at org.springframework.test.context.support.DependencyInjectionTestExecutionListener.injectDependencies(DependencyInjectionTestExecutionListener.java:117)
	at org.springframework.test.context.support.DependencyInjectionTestExecutionListener.prepareTestInstance(DependencyInjectionTestExecutionListener.java:83)
	at org.springframework.test.context.TestContextManager.prepareTestInstance(TestContextManager.java:212)
	at org.springframework.test.context.junit4.SpringJUnit4ClassRunner.createTest(SpringJUnit4ClassRunner.java:200)
	at org.springframework.test.context.junit4.SpringJUnit4ClassRunner$1.runReflectiveCall(SpringJUnit4ClassRunner.java:259)
	at org.junit.internal.runners.model.ReflectiveCallable.run(ReflectiveCallable.java:12)
	at org.springframework.test.context.junit4.SpringJUnit4ClassRunner.methodBlock(SpringJUnit4ClassRunner.java:261)
	at org.springframework.test.context.junit4.SpringJUnit4ClassRunner.runChild(SpringJUnit4ClassRunner.java:219)
	at org.springframework.test.context.junit4.SpringJUnit4ClassRunner.runChild(SpringJUnit4ClassRunner.java:83)
	at org.junit.runners.ParentRunner$3.run(ParentRunner.java:290)
	at org.junit.runners.ParentRunner$1.schedule(ParentRunner.java:71)
	at org.junit.runners.ParentRunner.runChildren(ParentRunner.java:288)
	at org.junit.runners.ParentRunner.access$000(ParentRunner.java:58)
	at org.junit.runners.ParentRunner$2.evaluate(ParentRunner.java:268)
	at org.springframework.test.context.junit4.statements.RunBeforeTestClassCallbacks.evaluate(RunBeforeTestClassCallbacks.java:61)
	at org.springframework.test.context.junit4.statements.RunAfterTestClassCallbacks.evaluate(RunAfterTestClassCallbacks.java:68)
	at org.junit.runners.ParentRunner.run(ParentRunner.java:363)
	at org.springframework.test.context.junit4.SpringJUnit4ClassRunner.run(SpringJUnit4ClassRunner.java:163)
	at org.eclipse.jdt.internal.junit4.runner.JUnit4TestReference.run(JUnit4TestReference.java:50)
	at org.eclipse.jdt.internal.junit.runner.TestExecution.run(TestExecution.java:38)
	at org.eclipse.jdt.internal.junit.runner.RemoteTestRunner.runTests(RemoteTestRunner.java:459)
	at org.eclipse.jdt.internal.junit.runner.RemoteTestRunner.runTests(RemoteTestRunner.java:675)
	at org.eclipse.jdt.internal.junit.runner.RemoteTestRunner.run(RemoteTestRunner.java:382)
	at org.eclipse.jdt.internal.junit.runner.RemoteTestRunner.main(RemoteTestRunner.java:192)
-----> 2015-07-01 00:05:08.041  org.hibernate.tool.hbm2ddl.DatabaseExporter.export(DatabaseExporter.java:64)
3. alter table role_user drop constraint FK_njajel6a2q8tr36emb9l8vw7n if exists 


-----> 2015-07-01 00:05:08.044  org.hibernate.tool.hbm2ddl.DatabaseExporter.export(DatabaseExporter.java:64)
3. alter table role_user drop constraint FK_njajel6a2q8tr36emb9l8vw7n if exists 


org.h2.jdbc.JdbcSQLException: Table "ROLE_USER" not found; SQL statement:
alter table role_user drop constraint FK_njajel6a2q8tr36emb9l8vw7n if exists [42102-184]
	at org.h2.message.DbException.getJdbcSQLException(DbException.java:345)
	at org.h2.message.DbException.get(DbException.java:179)
	at org.h2.message.DbException.get(DbException.java:155)
	at org.h2.command.Parser.readTableOrView(Parser.java:5239)
	at org.h2.command.Parser.readTableOrView(Parser.java:5216)
	at org.h2.command.Parser.parseAlterTable(Parser.java:5293)
	at org.h2.command.Parser.parseAlter(Parser.java:4708)
	at org.h2.command.Parser.parsePrepared(Parser.java:332)
	at org.h2.command.Parser.parse(Parser.java:305)
	at org.h2.command.Parser.parse(Parser.java:277)
	at org.h2.command.Parser.prepareCommand(Parser.java:242)
	at org.h2.engine.Session.prepareLocal(Session.java:446)
	at org.h2.engine.Session.prepareCommand(Session.java:388)
	at org.h2.jdbc.JdbcConnection.prepareCommand(JdbcConnection.java:1189)
	at org.h2.jdbc.JdbcStatement.executeUpdateInternal(JdbcStatement.java:126)
	at org.h2.jdbc.JdbcStatement.executeUpdate(JdbcStatement.java:115)
	at net.sf.log4jdbc.StatementSpy.executeUpdate(StatementSpy.java:697)
	at org.hibernate.tool.hbm2ddl.DatabaseExporter.export(DatabaseExporter.java:64)
	at org.hibernate.tool.hbm2ddl.SchemaExport.perform(SchemaExport.java:418)
	at org.hibernate.tool.hbm2ddl.SchemaExport.execute(SchemaExport.java:372)
	at org.hibernate.tool.hbm2ddl.SchemaExport.create(SchemaExport.java:304)
	at org.hibernate.tool.hbm2ddl.SchemaExport.create(SchemaExport.java:293)
	at org.hibernate.internal.SessionFactoryImpl.<init>(SessionFactoryImpl.java:517)
	at org.hibernate.cfg.Configuration.buildSessionFactory(Configuration.java:1859)
	at org.hibernate.jpa.boot.internal.EntityManagerFactoryBuilderImpl$4.perform(EntityManagerFactoryBuilderImpl.java:852)
	at org.hibernate.jpa.boot.internal.EntityManagerFactoryBuilderImpl$4.perform(EntityManagerFactoryBuilderImpl.java:845)
	at org.hibernate.boot.registry.classloading.internal.ClassLoaderServiceImpl.withTccl(ClassLoaderServiceImpl.java:398)
	at org.hibernate.jpa.boot.internal.EntityManagerFactoryBuilderImpl.build(EntityManagerFactoryBuilderImpl.java:844)
	at org.springframework.orm.jpa.vendor.SpringHibernateJpaPersistenceProvider.createContainerEntityManagerFactory(SpringHibernateJpaPersistenceProvider.java:60)
	at org.springframework.orm.jpa.LocalContainerEntityManagerFactoryBean.createNativeEntityManagerFactory(LocalContainerEntityManagerFactoryBean.java:343)
	at org.springframework.orm.jpa.AbstractEntityManagerFactoryBean.afterPropertiesSet(AbstractEntityManagerFactoryBean.java:318)
	at org.springframework.beans.factory.support.AbstractAutowireCapableBeanFactory.invokeInitMethods(AbstractAutowireCapableBeanFactory.java:1633)
	at org.springframework.beans.factory.support.AbstractAutowireCapableBeanFactory.initializeBean(AbstractAutowireCapableBeanFactory.java:1570)
	at org.springframework.beans.factory.support.AbstractAutowireCapableBeanFactory.doCreateBean(AbstractAutowireCapableBeanFactory.java:539)
	at org.springframework.beans.factory.support.AbstractAutowireCapableBeanFactory.createBean(AbstractAutowireCapableBeanFactory.java:476)
	at org.springframework.beans.factory.support.AbstractBeanFactory$1.getObject(AbstractBeanFactory.java:303)
	at org.springframework.beans.factory.support.DefaultSingletonBeanRegistry.getSingleton(DefaultSingletonBeanRegistry.java:230)
	at org.springframework.beans.factory.support.AbstractBeanFactory.doGetBean(AbstractBeanFactory.java:299)
	at org.springframework.beans.factory.support.AbstractBeanFactory.getBean(AbstractBeanFactory.java:194)
	at org.springframework.context.support.AbstractApplicationContext.getBean(AbstractApplicationContext.java:956)
	at org.springframework.context.support.AbstractApplicationContext.finishBeanFactoryInitialization(AbstractApplicationContext.java:747)
	at org.springframework.context.support.AbstractApplicationContext.refresh(AbstractApplicationContext.java:480)
	at org.springframework.test.context.support.AbstractGenericContextLoader.loadContext(AbstractGenericContextLoader.java:125)
	at org.springframework.test.context.support.AbstractGenericContextLoader.loadContext(AbstractGenericContextLoader.java:60)
	at org.springframework.test.context.support.AbstractDelegatingSmartContextLoader.delegateLoading(AbstractDelegatingSmartContextLoader.java:109)
	at org.springframework.test.context.support.AbstractDelegatingSmartContextLoader.loadContext(AbstractDelegatingSmartContextLoader.java:261)
	at org.springframework.test.context.DefaultCacheAwareContextLoaderDelegate.loadContextInternal(DefaultCacheAwareContextLoaderDelegate.java:68)
	at org.springframework.test.context.DefaultCacheAwareContextLoaderDelegate.loadContext(DefaultCacheAwareContextLoaderDelegate.java:86)
	at org.springframework.test.context.DefaultTestContext.getApplicationContext(DefaultTestContext.java:72)
	at org.springframework.test.context.support.DependencyInjectionTestExecutionListener.injectDependencies(DependencyInjectionTestExecutionListener.java:117)
	at org.springframework.test.context.support.DependencyInjectionTestExecutionListener.prepareTestInstance(DependencyInjectionTestExecutionListener.java:83)
	at org.springframework.test.context.TestContextManager.prepareTestInstance(TestContextManager.java:212)
	at org.springframework.test.context.junit4.SpringJUnit4ClassRunner.createTest(SpringJUnit4ClassRunner.java:200)
	at org.springframework.test.context.junit4.SpringJUnit4ClassRunner$1.runReflectiveCall(SpringJUnit4ClassRunner.java:259)
	at org.junit.internal.runners.model.ReflectiveCallable.run(ReflectiveCallable.java:12)
	at org.springframework.test.context.junit4.SpringJUnit4ClassRunner.methodBlock(SpringJUnit4ClassRunner.java:261)
	at org.springframework.test.context.junit4.SpringJUnit4ClassRunner.runChild(SpringJUnit4ClassRunner.java:219)
	at org.springframework.test.context.junit4.SpringJUnit4ClassRunner.runChild(SpringJUnit4ClassRunner.java:83)
	at org.junit.runners.ParentRunner$3.run(ParentRunner.java:290)
	at org.junit.runners.ParentRunner$1.schedule(ParentRunner.java:71)
	at org.junit.runners.ParentRunner.runChildren(ParentRunner.java:288)
	at org.junit.runners.ParentRunner.access$000(ParentRunner.java:58)
	at org.junit.runners.ParentRunner$2.evaluate(ParentRunner.java:268)
	at org.springframework.test.context.junit4.statements.RunBeforeTestClassCallbacks.evaluate(RunBeforeTestClassCallbacks.java:61)
	at org.springframework.test.context.junit4.statements.RunAfterTestClassCallbacks.evaluate(RunAfterTestClassCallbacks.java:68)
	at org.junit.runners.ParentRunner.run(ParentRunner.java:363)
	at org.springframework.test.context.junit4.SpringJUnit4ClassRunner.run(SpringJUnit4ClassRunner.java:163)
	at org.eclipse.jdt.internal.junit4.runner.JUnit4TestReference.run(JUnit4TestReference.java:50)
	at org.eclipse.jdt.internal.junit.runner.TestExecution.run(TestExecution.java:38)
	at org.eclipse.jdt.internal.junit.runner.RemoteTestRunner.runTests(RemoteTestRunner.java:459)
	at org.eclipse.jdt.internal.junit.runner.RemoteTestRunner.runTests(RemoteTestRunner.java:675)
	at org.eclipse.jdt.internal.junit.runner.RemoteTestRunner.run(RemoteTestRunner.java:382)
	at org.eclipse.jdt.internal.junit.runner.RemoteTestRunner.main(RemoteTestRunner.java:192)
-----> 2015-07-01 00:05:08.047  org.hibernate.tool.hbm2ddl.DatabaseExporter.export(DatabaseExporter.java:64)
3. drop table memo if exists 


-----> 2015-07-01 00:05:08.050  org.hibernate.tool.hbm2ddl.DatabaseExporter.export(DatabaseExporter.java:64)
3. drop table role if exists 


-----> 2015-07-01 00:05:08.051  org.hibernate.tool.hbm2ddl.DatabaseExporter.export(DatabaseExporter.java:64)
3. drop table role_user if exists 


-----> 2015-07-01 00:05:08.052  org.hibernate.tool.hbm2ddl.DatabaseExporter.export(DatabaseExporter.java:64)
3. drop table user if exists 


-----> 2015-07-01 00:05:08.054  org.hibernate.tool.hbm2ddl.DatabaseExporter.export(DatabaseExporter.java:64)
3. create table memo (id varchar(255) generated by default as identity, create_date timestamp, 
create_person varchar(255), modify_date timestamp, modify_person varchar(255), content varchar(255), 
title varchar(255), primary key (id)) 


-----> 2015-07-01 00:05:08.095  org.hibernate.tool.hbm2ddl.DatabaseExporter.export(DatabaseExporter.java:64)
3. create table role (id varchar(255) generated by default as identity, create_date timestamp, 
create_person varchar(255), modify_date timestamp, modify_person varchar(255), description 
varchar(255), name varchar(255), primary key (id)) 


-----> 2015-07-01 00:05:08.100  org.hibernate.tool.hbm2ddl.DatabaseExporter.export(DatabaseExporter.java:64)
3. create table role_user (user_id varchar(255) not null, role_id varchar(255) not null) 


-----> 2015-07-01 00:05:08.102  org.hibernate.tool.hbm2ddl.DatabaseExporter.export(DatabaseExporter.java:64)
3. create table user (id varchar(255) generated by default as identity, create_date timestamp, 
create_person varchar(255), modify_date timestamp, modify_person varchar(255), name varchar(255), 
primary key (id)) 


-----> 2015-07-01 00:05:08.114  org.hibernate.tool.hbm2ddl.DatabaseExporter.export(DatabaseExporter.java:64)
3. alter table role_user add constraint FK_1p4td69hdcg4iaau4pvj20m3h foreign key (role_id) references 
role 


-----> 2015-07-01 00:05:08.146  org.hibernate.tool.hbm2ddl.DatabaseExporter.export(DatabaseExporter.java:64)
3. alter table role_user add constraint FK_njajel6a2q8tr36emb9l8vw7n foreign key (user_id) references 
user 


-----> 2015-07-01 00:05:15.913  org.hibernate.engine.jdbc.internal.ResultSetReturnImpl.extract(ResultSetReturnImpl.java:82)
4. select role0_.id as id1_1_1_, role0_.create_date as create_d2_1_1_, role0_.create_person as 
create_p3_1_1_, role0_.modify_date as modify_d4_1_1_, role0_.modify_person as modify_p5_1_1_, 
role0_.description as descript6_1_1_, role0_.name as name7_1_1_, users1_.role_id as role_id2_1_3_, 
user2_.id as user_id1_2_3_, user2_.id as id1_3_0_, user2_.create_date as create_d2_3_0_, user2_.create_person 
as create_p3_3_0_, user2_.modify_date as modify_d4_3_0_, user2_.modify_person as modify_p5_3_0_, 
user2_.name as name6_3_0_ from role role0_ left outer join role_user users1_ on role0_.id=users1_.role_id 
left outer join user user2_ on users1_.user_id=user2_.id where role0_.id='0cb636db-07e4-407f-b210-11baa9939666' 


-----> 2015-07-01 00:05:16.049  org.hibernate.engine.jdbc.internal.ResultSetReturnImpl.executeUpdate(ResultSetReturnImpl.java:208)
4. insert into role (id, create_date, create_person, modify_date, modify_person, description, 
name) values (null, NULL, NULL, NULL, NULL, NULL, NULL) 


-----> 2015-07-01 00:08:08.578  org.hibernate.engine.jdbc.internal.ResultSetReturnImpl.extract(ResultSetReturnImpl.java:82)
5. select role0_.id as id1_1_0_, role0_.create_date as create_d2_1_0_, role0_.create_person as 
create_p3_1_0_, role0_.modify_date as modify_d4_1_0_, role0_.modify_person as modify_p5_1_0_, 
role0_.description as descript6_1_0_, role0_.name as name7_1_0_ from role role0_ where role0_.id='0cb636db-07e4-407f-b210-11baa9939666' 


